--- starting 2026 session fetch at 2026-04-22T10:42:33-04:00 ---
2026-04-22 10:42:34,530 INFO scraper.fetch_sessions searching session=2026 keyword='Designates'
2026-04-22 10:42:35,974 INFO scraper.api_client POST /api/advancedSearch/search
2026-04-22 10:42:37,141 INFO scraper.fetch_sessions searching session=2026 keyword='Renames'
2026-04-22 10:42:38,423 INFO scraper.api_client POST /api/advancedSearch/search
2026-04-22 10:42:39,351 INFO scraper.fetch_sessions searching session=2026 keyword='Commemorates'
2026-04-22 10:42:40,788 INFO scraper.api_client POST /api/advancedSearch/search
2026-04-22 10:42:41,645 INFO scraper.fetch_sessions session=2026: 277 unique bills across 3 keywords
2026-04-22 10:42:41,658 INFO root session 2026: 262 / 277 bills pass filter — fetching details
2026-04-22 10:42:42,966 INFO scraper.api_client GET /api/billDetail/billSponsors/A1079/2026
2026-04-22 10:42:44,353 INFO scraper.api_client GET /api/billDetail/billSponsors/A1080/2026
2026-04-22 10:42:45,756 INFO scraper.api_client GET /api/billDetail/billSponsors/A1106/2026
2026-04-22 10:42:47,015 INFO scraper.api_client GET /api/billDetail/billSponsors/A1589/2026
2026-04-22 10:42:48,345 INFO scraper.api_client GET /api/billDetail/billSponsors/A2698/2026
2026-04-22 10:42:49,745 INFO scraper.api_client GET /api/billDetail/billSponsors/A2712/2026
2026-04-22 10:42:51,156 INFO scraper.api_client GET /api/billDetail/billSponsors/A2817/2026
2026-04-22 10:42:52,620 INFO scraper.api_client GET /api/billDetail/billSponsors/A3207/2026
2026-04-22 10:42:53,661 INFO scraper.api_client GET /api/billDetail/billSponsors/A3324/2026
2026-04-22 10:42:54,929 INFO scraper.api_client GET /api/billDetail/billSponsors/A3392/2026
2026-04-22 10:42:56,221 INFO scraper.api_client GET /api/billDetail/billSponsors/A3739/2026
2026-04-22 10:42:57,361 INFO scraper.api_client GET /api/billDetail/billSponsors/A4149/2026
2026-04-22 10:42:58,476 INFO scraper.api_client GET /api/billDetail/billSponsors/A4620/2026
2026-04-22 10:42:59,586 INFO scraper.api_client GET /api/billDetail/billSponsors/AJR11/2026
2026-04-22 10:43:00,766 INFO scraper.api_client GET /api/billDetail/billSponsors/AJR12/2026
2026-04-22 10:43:01,935 INFO scraper.api_client GET /api/billDetail/billSponsors/AJR14/2026
2026-04-22 10:43:03,131 INFO scraper.api_client GET /api/billDetail/billSponsors/AJR15/2026
2026-04-22 10:43:04,539 INFO scraper.api_client GET /api/billDetail/billSponsors/AJR16/2026
2026-04-22 10:43:05,853 INFO scraper.api_client GET /api/billDetail/billSponsors/AJR17/2026
2026-04-22 10:43:06,905 INFO scraper.api_client GET /api/billDetail/billSponsors/AJR19/2026
2026-04-22 10:43:08,063 INFO scraper.api_client GET /api/billDetail/billSponsors/AJR20/2026
2026-04-22 10:43:09,510 INFO scraper.api_client GET /api/billDetail/billSponsors/AJR21/2026
2026-04-22 10:43:11,037 INFO scraper.api_client GET /api/billDetail/billSponsors/AJR22/2026
2026-04-22 10:43:12,248 INFO scraper.api_client GET /api/billDetail/billSponsors/AJR24/2026
2026-04-22 10:43:13,419 INFO scraper.api_client GET /api/billDetail/billSponsors/AJR25/2026
2026-04-22 10:43:14,775 INFO scraper.api_client GET /api/billDetail/billSponsors/AJR26/2026
2026-04-22 10:43:16,173 INFO scraper.api_client GET /api/billDetail/billSponsors/AJR27/2026
2026-04-22 10:43:17,392 INFO scraper.api_client GET /api/billDetail/billSponsors/AJR28/2026
2026-04-22 10:43:18,530 INFO scraper.api_client GET /api/billDetail/billSponsors/AJR30/2026
2026-04-22 10:43:20,048 INFO scraper.api_client GET /api/billDetail/billSponsors/AJR31/2026
2026-04-22 10:43:21,252 INFO scraper.api_client GET /api/billDetail/billSponsors/AJR33/2026
2026-04-22 10:43:22,674 INFO scraper.api_client GET /api/billDetail/billSponsors/AJR34/2026
2026-04-22 10:43:23,896 INFO scraper.api_client GET /api/billDetail/billSponsors/AJR35/2026
2026-04-22 10:43:25,245 INFO scraper.api_client GET /api/billDetail/billSponsors/AJR36/2026
2026-04-22 10:43:26,296 INFO scraper.api_client GET /api/billDetail/billSponsors/AJR37/2026
2026-04-22 10:43:27,674 INFO scraper.api_client GET /api/billDetail/billSponsors/AJR38/2026
2026-04-22 10:43:29,027 INFO scraper.api_client GET /api/billDetail/billSponsors/AJR39/2026
2026-04-22 10:43:30,078 INFO scraper.api_client GET /api/billDetail/billSponsors/AJR40/2026
2026-04-22 10:43:31,399 INFO scraper.api_client GET /api/billDetail/billSponsors/AJR41/2026
2026-04-22 10:43:32,720 INFO scraper.api_client GET /api/billDetail/billSponsors/AJR43/2026
2026-04-22 10:43:33,883 INFO scraper.api_client GET /api/billDetail/billSponsors/AJR44/2026
2026-04-22 10:43:35,371 INFO scraper.api_client GET /api/billDetail/billSponsors/AJR45/2026
2026-04-22 10:43:36,961 INFO scraper.api_client GET /api/billDetail/billSponsors/AJR46/2026
2026-04-22 10:43:38,291 INFO scraper.api_client GET /api/billDetail/billSponsors/AJR47/2026
2026-04-22 10:43:39,774 INFO scraper.api_client GET /api/billDetail/billSponsors/AJR49/2026
2026-04-22 10:43:40,927 INFO scraper.api_client GET /api/billDetail/billSponsors/AJR50/2026
2026-04-22 10:43:42,229 INFO scraper.api_client GET /api/billDetail/billSponsors/AJR52/2026
2026-04-22 10:43:43,595 INFO scraper.api_client GET /api/billDetail/billSponsors/AJR54/2026
2026-04-22 10:43:44,935 INFO scraper.api_client GET /api/billDetail/billSponsors/AJR55/2026
2026-04-22 10:43:46,233 INFO scraper.api_client GET /api/billDetail/billSponsors/AJR56/2026
2026-04-22 10:43:47,712 INFO scraper.api_client GET /api/billDetail/billSponsors/AJR57/2026
2026-04-22 10:43:48,950 INFO scraper.api_client GET /api/billDetail/billSponsors/AJR59/2026
2026-04-22 10:43:50,173 INFO scraper.api_client GET /api/billDetail/billSponsors/AJR60/2026
2026-04-22 10:43:51,656 INFO scraper.api_client GET /api/billDetail/billSponsors/AJR61/2026
2026-04-22 10:43:52,831 INFO scraper.api_client GET /api/billDetail/billSponsors/AJR62/2026
2026-04-22 10:43:54,050 INFO scraper.api_client GET /api/billDetail/billSponsors/AJR64/2026
2026-04-22 10:43:55,203 INFO scraper.api_client GET /api/billDetail/billSponsors/AJR65/2026
2026-04-22 10:43:56,431 INFO scraper.api_client GET /api/billDetail/billSponsors/AJR66/2026
2026-04-22 10:43:57,680 INFO scraper.api_client GET /api/billDetail/billSponsors/AJR67/2026
2026-04-22 10:43:58,776 INFO scraper.api_client GET /api/billDetail/billSponsors/AJR68/2026
2026-04-22 10:44:00,062 INFO scraper.api_client GET /api/billDetail/billSponsors/AJR69/2026
2026-04-22 10:44:01,552 INFO scraper.api_client GET /api/billDetail/billSponsors/AJR70/2026
2026-04-22 10:44:02,763 INFO scraper.api_client GET /api/billDetail/billSponsors/AJR71/2026
2026-04-22 10:44:03,809 INFO scraper.api_client GET /api/billDetail/billSponsors/AJR73/2026
2026-04-22 10:44:05,235 INFO scraper.api_client GET /api/billDetail/billSponsors/AJR74/2026
2026-04-22 10:44:07,058 INFO scraper.api_client GET /api/billDetail/billSponsors/AJR75/2026
2026-04-22 10:44:08,783 INFO scraper.api_client GET /api/billDetail/billSponsors/AJR76/2026
2026-04-22 10:44:10,285 INFO scraper.api_client GET /api/billDetail/billSponsors/AJR77/2026
2026-04-22 10:44:11,547 INFO scraper.api_client GET /api/billDetail/billSponsors/AJR79/2026
2026-04-22 10:44:12,625 INFO scraper.api_client GET /api/billDetail/billSponsors/AJR81/2026
2026-04-22 10:44:13,868 INFO scraper.api_client GET /api/billDetail/billSponsors/AJR82/2026
2026-04-22 10:44:15,089 INFO scraper.api_client GET /api/billDetail/billSponsors/AJR84/2026
2026-04-22 10:44:17,050 INFO scraper.api_client GET /api/billDetail/billSponsors/AJR85/2026
2026-04-22 10:44:18,384 INFO scraper.api_client GET /api/billDetail/billSponsors/AJR86/2026
2026-04-22 10:44:19,904 INFO scraper.api_client GET /api/billDetail/billSponsors/AJR87/2026
2026-04-22 10:44:21,042 INFO scraper.api_client GET /api/billDetail/billSponsors/AJR88/2026
2026-04-22 10:44:22,518 INFO scraper.api_client GET /api/billDetail/billSponsors/AJR90/2026
2026-04-22 10:44:23,707 INFO scraper.api_client GET /api/billDetail/billSponsors/AJR92/2026
2026-04-22 10:44:25,167 INFO scraper.api_client GET /api/billDetail/billSponsors/AJR95/2026
2026-04-22 10:44:26,258 INFO scraper.api_client GET /api/billDetail/billSponsors/AJR96/2026
2026-04-22 10:44:28,218 INFO scraper.api_client GET /api/billDetail/billSponsors/AJR97/2026
2026-04-22 10:44:29,927 INFO scraper.api_client GET /api/billDetail/billSponsors/AJR98/2026
2026-04-22 10:44:31,098 INFO scraper.api_client GET /api/billDetail/billSponsors/AJR99/2026
2026-04-22 10:44:32,157 INFO scraper.api_client GET /api/billDetail/billSponsors/AJR100/2026
2026-04-22 10:44:33,246 INFO scraper.api_client GET /api/billDetail/billSponsors/AJR101/2026
2026-04-22 10:44:34,442 INFO scraper.api_client GET /api/billDetail/billSponsors/AJR102/2026
2026-04-22 10:44:36,008 INFO scraper.api_client GET /api/billDetail/billSponsors/AJR103/2026
2026-04-22 10:44:37,522 INFO scraper.api_client GET /api/billDetail/billSponsors/AJR104/2026
2026-04-22 10:44:38,919 INFO scraper.api_client GET /api/billDetail/billSponsors/AJR105/2026
2026-04-22 10:44:40,205 INFO scraper.api_client GET /api/billDetail/billSponsors/AJR106/2026
2026-04-22 10:44:41,599 INFO scraper.api_client GET /api/billDetail/billSponsors/AJR109/2026
2026-04-22 10:44:42,746 INFO scraper.api_client GET /api/billDetail/billSponsors/AJR110/2026
2026-04-22 10:44:43,832 INFO scraper.api_client GET /api/billDetail/billSponsors/AJR111/2026
2026-04-22 10:44:44,948 INFO scraper.api_client GET /api/billDetail/billSponsors/AJR113/2026
2026-04-22 10:44:46,092 INFO scraper.api_client GET /api/billDetail/billSponsors/AJR114/2026
2026-04-22 10:44:47,459 INFO scraper.api_client GET /api/billDetail/billSponsors/AJR117/2026
2026-04-22 10:44:48,621 INFO scraper.api_client GET /api/billDetail/billSponsors/AJR118/2026
2026-04-22 10:44:49,725 INFO scraper.api_client GET /api/billDetail/billSponsors/AJR119/2026
2026-04-22 10:44:51,159 INFO scraper.api_client GET /api/billDetail/billSponsors/AJR120/2026
2026-04-22 10:44:52,688 INFO scraper.api_client GET /api/billDetail/billSponsors/AJR121/2026
2026-04-22 10:44:54,236 INFO scraper.api_client GET /api/billDetail/billSponsors/AJR122/2026
2026-04-22 10:44:55,466 INFO scraper.api_client GET /api/billDetail/billSponsors/AJR123/2026
2026-04-22 10:44:56,871 INFO scraper.api_client GET /api/billDetail/billSponsors/AJR125/2026
2026-04-22 10:44:58,211 INFO scraper.api_client GET /api/billDetail/billSponsors/AJR126/2026
2026-04-22 10:44:59,609 INFO scraper.api_client GET /api/billDetail/billSponsors/AJR127/2026
2026-04-22 10:45:01,002 INFO scraper.api_client GET /api/billDetail/billSponsors/AJR128/2026
2026-04-22 10:45:02,274 INFO scraper.api_client GET /api/billDetail/billSponsors/AJR130/2026
2026-04-22 10:45:03,311 INFO scraper.api_client GET /api/billDetail/billSponsors/AJR131/2026
2026-04-22 10:45:04,587 INFO scraper.api_client GET /api/billDetail/billSponsors/AJR132/2026
2026-04-22 10:45:05,780 INFO scraper.api_client GET /api/billDetail/billSponsors/AJR133/2026
2026-04-22 10:45:07,052 INFO scraper.api_client GET /api/billDetail/billSponsors/AJR134/2026
2026-04-22 10:45:08,462 INFO scraper.api_client GET /api/billDetail/billSponsors/AJR135/2026
2026-04-22 10:45:09,898 INFO scraper.api_client GET /api/billDetail/billSponsors/AJR136/2026
2026-04-22 10:45:10,978 INFO scraper.api_client GET /api/billDetail/billSponsors/AJR137/2026
2026-04-22 10:45:12,480 INFO scraper.api_client GET /api/billDetail/billSponsors/AJR139/2026
2026-04-22 10:45:13,736 INFO scraper.api_client GET /api/billDetail/billSponsors/AJR140/2026
2026-04-22 10:45:15,045 INFO scraper.api_client GET /api/billDetail/billSponsors/AJR141/2026
2026-04-22 10:45:16,332 INFO scraper.api_client GET /api/billDetail/billSponsors/AJR142/2026
2026-04-22 10:45:17,757 INFO scraper.api_client GET /api/billDetail/billSponsors/AJR143/2026
2026-04-22 10:45:18,983 INFO scraper.api_client GET /api/billDetail/billSponsors/AJR144/2026
2026-04-22 10:45:20,128 INFO scraper.api_client GET /api/billDetail/billSponsors/AJR145/2026
2026-04-22 10:45:21,235 INFO scraper.api_client GET /api/billDetail/billSponsors/AJR146/2026
2026-04-22 10:45:22,746 INFO scraper.api_client GET /api/billDetail/billSponsors/AJR147/2026
2026-04-22 10:45:24,038 INFO scraper.api_client GET /api/billDetail/billSponsors/AJR148/2026
2026-04-22 10:45:25,119 INFO scraper.api_client GET /api/billDetail/billSponsors/AJR149/2026
2026-04-22 10:45:26,485 INFO scraper.api_client GET /api/billDetail/billSponsors/AJR150/2026
2026-04-22 10:45:27,775 INFO scraper.api_client GET /api/billDetail/billSponsors/AJR152/2026
2026-04-22 10:45:28,915 INFO scraper.api_client GET /api/billDetail/billSponsors/AJR153/2026
2026-04-22 10:45:30,103 INFO scraper.api_client GET /api/billDetail/billSponsors/AJR154/2026
2026-04-22 10:45:31,237 INFO scraper.api_client GET /api/billDetail/billSponsors/AJR155/2026
2026-04-22 10:45:32,315 INFO scraper.api_client GET /api/billDetail/billSponsors/AJR156/2026
2026-04-22 10:45:33,614 INFO scraper.api_client GET /api/billDetail/billSponsors/AJR157/2026
2026-04-22 10:45:34,794 INFO scraper.api_client GET /api/billDetail/billSponsors/AJR158/2026
2026-04-22 10:45:36,198 INFO scraper.api_client GET /api/billDetail/billSponsors/AJR159/2026
2026-04-22 10:45:37,653 INFO scraper.api_client GET /api/billDetail/billSponsors/AJR160/2026
2026-04-22 10:45:38,863 INFO scraper.api_client GET /api/billDetail/billSponsors/AJR162/2026
2026-04-22 10:45:40,239 INFO scraper.api_client GET /api/billDetail/billSponsors/AJR163/2026
2026-04-22 10:45:41,278 INFO scraper.api_client GET /api/billDetail/billSponsors/AJR165/2026
2026-04-22 10:45:42,703 INFO scraper.api_client GET /api/billDetail/billSponsors/AJR166/2026
2026-04-22 10:45:44,128 INFO scraper.api_client GET /api/billDetail/billSponsors/AJR168/2026
2026-04-22 10:45:45,642 INFO scraper.api_client GET /api/billDetail/billSponsors/AJR171/2026
2026-04-22 10:45:47,021 INFO scraper.api_client GET /api/billDetail/billSponsors/S195/2026
2026-04-22 10:45:48,130 INFO scraper.api_client GET /api/billDetail/billSponsors/S412/2026
2026-04-22 10:45:49,380 INFO scraper.api_client GET /api/billDetail/billSponsors/S497/2026
2026-04-22 10:45:50,837 INFO scraper.api_client GET /api/billDetail/billSponsors/S1092/2026
2026-04-22 10:45:52,245 INFO scraper.api_client GET /api/billDetail/billSponsors/S1184/2026
2026-04-22 10:45:53,481 INFO scraper.api_client GET /api/billDetail/billSponsors/S1544/2026
2026-04-22 10:45:54,649 INFO scraper.api_client GET /api/billDetail/billSponsors/S1984/2026
2026-04-22 10:45:56,047 INFO scraper.api_client GET /api/billDetail/billSponsors/S2186/2026
2026-04-22 10:45:57,441 INFO scraper.api_client GET /api/billDetail/billSponsors/S2280/2026
2026-04-22 10:45:58,932 INFO scraper.api_client GET /api/billDetail/billSponsors/S2343/2026
2026-04-22 10:46:00,226 INFO scraper.api_client GET /api/billDetail/billSponsors/S2465/2026
2026-04-22 10:46:01,755 INFO scraper.api_client GET /api/billDetail/billSponsors/S3505/2026
2026-04-22 10:46:03,102 INFO scraper.api_client GET /api/billDetail/billSponsors/S4030/2026
2026-04-22 10:46:04,489 INFO scraper.api_client GET /api/billDetail/billSponsors/S4051/2026
2026-04-22 10:46:05,671 INFO scraper.api_client GET /api/billDetail/billSponsors/S4082/2026
2026-04-22 10:46:06,974 INFO scraper.api_client GET /api/billDetail/billSponsors/SJR11/2026
2026-04-22 10:46:08,059 INFO scraper.api_client GET /api/billDetail/billSponsors/SJR12/2026
2026-04-22 10:46:09,122 INFO scraper.api_client GET /api/billDetail/billSponsors/SJR14/2026
2026-04-22 10:46:10,523 INFO scraper.api_client GET /api/billDetail/billSponsors/SJR15/2026
2026-04-22 10:46:11,720 INFO scraper.api_client GET /api/billDetail/billSponsors/SJR16/2026
2026-04-22 10:46:12,939 INFO scraper.api_client GET /api/billDetail/billSponsors/SJR17/2026
2026-04-22 10:46:14,289 INFO scraper.api_client GET /api/billDetail/billSponsors/SJR18/2026
2026-04-22 10:46:15,397 INFO scraper.api_client GET /api/billDetail/billSponsors/SJR19/2026
2026-04-22 10:46:16,618 INFO scraper.api_client GET /api/billDetail/billSponsors/SJR21/2026
2026-04-22 10:46:17,802 INFO scraper.api_client GET /api/billDetail/billSponsors/SJR22/2026
2026-04-22 10:46:19,200 INFO scraper.api_client GET /api/billDetail/billSponsors/SJR23/2026
2026-04-22 10:46:20,533 INFO scraper.api_client GET /api/billDetail/billSponsors/SJR24/2026
2026-04-22 10:46:22,072 INFO scraper.api_client GET /api/billDetail/billSponsors/SJR25/2026
2026-04-22 10:46:23,533 INFO scraper.api_client GET /api/billDetail/billSponsors/SJR26/2026
2026-04-22 10:46:24,957 INFO scraper.api_client GET /api/billDetail/billSponsors/SJR27/2026
2026-04-22 10:46:26,391 INFO scraper.api_client GET /api/billDetail/billSponsors/SJR28/2026
2026-04-22 10:46:27,447 INFO scraper.api_client GET /api/billDetail/billSponsors/SJR30/2026
2026-04-22 10:46:28,931 INFO scraper.api_client GET /api/billDetail/billSponsors/SJR33/2026
2026-04-22 10:46:30,190 INFO scraper.api_client GET /api/billDetail/billSponsors/SJR35/2026
2026-04-22 10:46:31,588 INFO scraper.api_client GET /api/billDetail/billSponsors/SJR36/2026
2026-04-22 10:46:32,951 INFO scraper.api_client GET /api/billDetail/billSponsors/SJR37/2026
2026-04-22 10:46:34,047 INFO scraper.api_client GET /api/billDetail/billSponsors/SJR38/2026
2026-04-22 10:46:35,170 INFO scraper.api_client GET /api/billDetail/billSponsors/SJR39/2026
2026-04-22 10:46:36,638 INFO scraper.api_client GET /api/billDetail/billSponsors/SJR40/2026
2026-04-22 10:46:37,939 INFO scraper.api_client GET /api/billDetail/billSponsors/SJR41/2026
2026-04-22 10:46:39,192 INFO scraper.api_client GET /api/billDetail/billSponsors/SJR42/2026
2026-04-22 10:46:40,679 INFO scraper.api_client GET /api/billDetail/billSponsors/SJR44/2026
2026-04-22 10:46:41,761 INFO scraper.api_client GET /api/billDetail/billSponsors/SJR46/2026
2026-04-22 10:46:43,254 INFO scraper.api_client GET /api/billDetail/billSponsors/SJR47/2026
2026-04-22 10:46:44,417 INFO scraper.api_client GET /api/billDetail/billSponsors/SJR48/2026
2026-04-22 10:46:45,653 INFO scraper.api_client GET /api/billDetail/billSponsors/SJR49/2026
2026-04-22 10:46:46,885 INFO scraper.api_client GET /api/billDetail/billSponsors/SJR51/2026
2026-04-22 10:46:48,087 INFO scraper.api_client GET /api/billDetail/billSponsors/SJR52/2026
2026-04-22 10:46:49,553 INFO scraper.api_client GET /api/billDetail/billSponsors/SJR54/2026
2026-04-22 10:46:51,082 INFO scraper.api_client GET /api/billDetail/billSponsors/SJR55/2026
2026-04-22 10:46:52,477 INFO scraper.api_client GET /api/billDetail/billSponsors/SJR56/2026
2026-04-22 10:46:53,715 INFO scraper.api_client GET /api/billDetail/billSponsors/SJR57/2026
2026-04-22 10:46:54,750 INFO scraper.api_client GET /api/billDetail/billSponsors/SJR59/2026
2026-04-22 10:46:56,123 INFO scraper.api_client GET /api/billDetail/billSponsors/SJR60/2026
2026-04-22 10:46:57,712 INFO scraper.api_client GET /api/billDetail/billSponsors/SJR61/2026
2026-04-22 10:46:58,998 INFO scraper.api_client GET /api/billDetail/billSponsors/SJR62/2026
2026-04-22 10:47:00,111 INFO scraper.api_client GET /api/billDetail/billSponsors/SJR63/2026
2026-04-22 10:47:01,382 INFO scraper.api_client GET /api/billDetail/billSponsors/SJR64/2026
2026-04-22 10:47:02,791 INFO scraper.api_client GET /api/billDetail/billSponsors/SJR68/2026
2026-04-22 10:47:03,847 INFO scraper.api_client GET /api/billDetail/billSponsors/SJR69/2026
2026-04-22 10:47:05,332 INFO scraper.api_client GET /api/billDetail/billSponsors/SJR70/2026
2026-04-22 10:47:06,639 INFO scraper.api_client GET /api/billDetail/billSponsors/SJR73/2026
2026-04-22 10:47:07,696 INFO scraper.api_client GET /api/billDetail/billSponsors/SJR74/2026
2026-04-22 10:47:08,986 INFO scraper.api_client GET /api/billDetail/billSponsors/SJR75/2026
2026-04-22 10:47:10,201 INFO scraper.api_client GET /api/billDetail/billSponsors/SJR76/2026
2026-04-22 10:47:11,434 INFO scraper.api_client GET /api/billDetail/billSponsors/SJR78/2026
2026-04-22 10:47:12,601 INFO scraper.api_client GET /api/billDetail/billSponsors/SJR79/2026
2026-04-22 10:47:13,640 INFO scraper.api_client GET /api/billDetail/billSponsors/SJR82/2026
2026-04-22 10:47:15,142 INFO scraper.api_client GET /api/billDetail/billSponsors/SJR84/2026
2026-04-22 10:47:16,374 INFO scraper.api_client GET /api/billDetail/billSponsors/SJR88/2026
2026-04-22 10:47:17,646 INFO scraper.api_client GET /api/billDetail/billSponsors/SJR89/2026
2026-04-22 10:47:18,818 INFO scraper.api_client GET /api/billDetail/billSponsors/SJR90/2026
2026-04-22 10:47:20,222 INFO scraper.api_client GET /api/billDetail/billSponsors/SJR92/2026
2026-04-22 10:47:21,580 INFO scraper.api_client GET /api/billDetail/billSponsors/SJR96/2026
2026-04-22 10:47:22,780 INFO scraper.api_client GET /api/billDetail/billSponsors/SJR97/2026
2026-04-22 10:47:24,160 INFO scraper.api_client GET /api/billDetail/billSponsors/SJR98/2026
2026-04-22 10:47:25,270 INFO scraper.api_client GET /api/billDetail/billSponsors/SJR99/2026
2026-04-22 10:47:26,590 INFO scraper.api_client GET /api/billDetail/billSponsors/SJR101/2026
2026-04-22 10:47:27,746 INFO scraper.api_client GET /api/billDetail/billSponsors/SJR102/2026
2026-04-22 10:47:29,396 INFO scraper.api_client GET /api/billDetail/billSponsors/SJR103/2026
2026-04-22 10:47:30,857 INFO scraper.api_client GET /api/billDetail/billSponsors/SJR104/2026
2026-04-22 10:47:32,209 INFO scraper.api_client GET /api/billDetail/billSponsors/SJR105/2026
2026-04-22 10:47:33,394 INFO scraper.api_client GET /api/billDetail/billSponsors/SJR106/2026
2026-04-22 10:47:34,786 INFO scraper.api_client GET /api/billDetail/billSponsors/SJR108/2026
2026-04-22 10:47:36,242 INFO scraper.api_client GET /api/billDetail/billSponsors/SJR109/2026
2026-04-22 10:47:37,729 INFO scraper.api_client GET /api/billDetail/billSponsors/SJR110/2026
2026-04-22 10:47:39,126 INFO scraper.api_client GET /api/billDetail/billSponsors/SJR111/2026
2026-04-22 10:47:40,658 INFO scraper.api_client GET /api/billDetail/billSponsors/SJR113/2026
2026-04-22 10:47:41,962 INFO scraper.api_client GET /api/billDetail/billSponsors/SJR114/2026
2026-04-22 10:47:43,033 INFO scraper.api_client GET /api/billDetail/billSponsors/SJR115/2026
2026-04-22 10:47:44,218 INFO scraper.api_client GET /api/billDetail/billSponsors/SJR116/2026
2026-04-22 10:47:45,440 INFO scraper.api_client GET /api/billDetail/billSponsors/SJR117/2026
2026-04-22 10:47:46,675 INFO scraper.api_client GET /api/billDetail/billSponsors/SJR118/2026
2026-04-22 10:47:48,003 INFO scraper.api_client GET /api/billDetail/billSponsors/SJR120/2026
2026-04-22 10:47:49,231 INFO scraper.api_client GET /api/billDetail/billSponsors/SJR121/2026
2026-04-22 10:47:50,466 INFO scraper.api_client GET /api/billDetail/billSponsors/SJR122/2026
2026-04-22 10:47:52,073 INFO scraper.api_client GET /api/billDetail/billSponsors/SJR124/2026
2026-04-22 10:47:53,612 INFO scraper.api_client GET /api/billDetail/billSponsors/SJR125/2026
2026-04-22 10:47:55,058 INFO scraper.api_client GET /api/billDetail/billSponsors/SJR126/2026
2026-04-22 10:47:56,095 INFO scraper.api_client GET /api/billDetail/billSponsors/SJR127/2026
2026-04-22 10:47:57,557 INFO scraper.api_client GET /api/billDetail/billSponsors/SJR128/2026
2026-04-22 10:47:58,786 INFO scraper.api_client GET /api/billDetail/billSponsors/SJR129/2026
2026-04-22 10:48:00,222 INFO scraper.api_client GET /api/billDetail/billSponsors/SJR130/2026
2026-04-22 10:48:01,724 INFO scraper.api_client GET /api/billDetail/billSponsors/SJR132/2026
2026-04-22 10:48:02,816 INFO scraper.api_client GET /api/billDetail/billSponsors/SJR133/2026
2026-04-22 10:48:03,955 INFO scraper.api_client GET /api/billDetail/billSponsors/SJR134/2026
2026-04-22 10:48:05,213 INFO scraper.api_client GET /api/billDetail/billSponsors/SR88/2026
2026-04-22 10:48:06,682 INFO scraper.api_client GET /api/billDetail/billSponsors/A203/2026
2026-04-22 10:48:08,008 INFO scraper.api_client GET /api/billDetail/billSponsors/A3721/2026
2026-04-22 10:48:09,068 INFO scraper.api_client GET /api/billDetail/billSponsors/S1731/2026
2026-04-22 10:48:10,286 INFO scraper.api_client GET /api/billDetail/billSponsors/AJR48/2026
2026-04-22 10:48:11,628 INFO scraper.api_client GET /api/billDetail/billSponsors/AJR93/2026
2026-04-22 10:48:12,977 INFO scraper.api_client GET /api/billDetail/billSponsors/AJR169/2026
2026-04-22 10:48:14,331 INFO scraper.api_client GET /api/billDetail/billSponsors/AR27/2026
2026-04-22 10:48:15,394 INFO scraper.api_client GET /api/billDetail/billSponsors/AR59/2026
2026-04-22 10:48:16,902 INFO scraper.api_client GET /api/billDetail/billSponsors/AR109/2026
2026-04-22 10:48:18,372 INFO scraper.api_client GET /api/billDetail/billSponsors/SJR13/2026
2026-04-22 10:48:19,483 INFO scraper.api_client GET /api/billDetail/billSponsors/SJR43/2026
2026-04-22 10:48:20,727 INFO scraper.api_client GET /api/billDetail/billSponsors/SJR83/2026
2026-04-22 10:48:21,941 INFO scraper.api_client GET /api/billDetail/billSponsors/SJR86/2026
2026-04-22 10:48:23,387 INFO scraper.api_client GET /api/billDetail/billSponsors/SR31/2026
2026-04-22 10:48:23,412 INFO scraper.fetch_bill_details session=2026: 262 fetched, 0 skipped (cached), 0 failed
--- fetch exit code 0 at 2026-04-22T10:48:23-04:00 ---
built 3180 bills across sessions [2000, 2002, 2004, 2006, 2008, 2010, 2012, 2014, 2016, 2018, 2020, 2022, 2024, 2026]; 304 rejected
--- build done at 2026-04-22T10:48:24-04:00 ---
